Analysis & Synthesis report for Pract3
Tue Mar 16 11:49:41 2021
Quartus II 64-Bit Version 13.0.1 Build 232 06/12/2013 Service Pack 1 SJ Web Edition


---------------------
; Table of Contents ;
---------------------
  1. Legal Notice
  2. Analysis & Synthesis Summary
  3. Analysis & Synthesis Settings
  4. Parallel Compilation
  5. Analysis & Synthesis Source Files Read
  6. Analysis & Synthesis Resource Usage Summary
  7. Analysis & Synthesis Resource Utilization by Entity
  8. Analysis & Synthesis RAM Summary
  9. Registers Removed During Synthesis
 10. General Register Statistics
 11. Registers Packed Into Inferred Megafunctions
 12. Source assignments for AsciiA16Seg:Ascii|altsyncram:memoria_rtl_0|altsyncram_au61:auto_generated
 13. Parameter Settings for Inferred Entity Instance: AsciiA16Seg:Ascii|altsyncram:memoria_rtl_0
 14. altsyncram Parameter Settings by Entity Instance
 15. Port Connectivity Checks: "Registro:R7"
 16. Port Connectivity Checks: "Registro:R6"
 17. Port Connectivity Checks: "Registro:R5"
 18. Port Connectivity Checks: "Registro:R4"
 19. Port Connectivity Checks: "Registro:R3"
 20. Port Connectivity Checks: "Registro:R2"
 21. Port Connectivity Checks: "Registro:R1"
 22. Port Connectivity Checks: "Registro:R0"
 23. Elapsed Time Per Partition
 24. Analysis & Synthesis Messages



----------------
; Legal Notice ;
----------------
Copyright (C) 1991-2013 Altera Corporation
Your use of Altera Corporation's design tools, logic functions 
and other software and tools, and its AMPP partner logic 
functions, and any output files from any of the foregoing 
(including device programming or simulation files), and any 
associated documentation or information are expressly subject 
to the terms and conditions of the Altera Program License 
Subscription Agreement, Altera MegaCore Function License 
Agreement, or other applicable license agreement, including, 
without limitation, that your use is for the sole purpose of 
programming logic devices manufactured by Altera and sold by 
Altera or its authorized distributors.  Please refer to the 
applicable agreement for further details.



+--------------------------------------------------------------------------------------+
; Analysis & Synthesis Summary                                                         ;
+------------------------------------+-------------------------------------------------+
; Analysis & Synthesis Status        ; Successful - Tue Mar 16 11:49:41 2021           ;
; Quartus II 64-Bit Version          ; 13.0.1 Build 232 06/12/2013 SP 1 SJ Web Edition ;
; Revision Name                      ; Pract3                                          ;
; Top-level Entity Name              ; Pract3                                          ;
; Family                             ; Cyclone II                                      ;
; Total logic elements               ; 45                                              ;
;     Total combinational functions  ; 44                                              ;
;     Dedicated logic registers      ; 20                                              ;
; Total registers                    ; 20                                              ;
; Total pins                         ; 27                                              ;
; Total virtual pins                 ; 0                                               ;
; Total memory bits                  ; 2,176                                           ;
; Embedded Multiplier 9-bit elements ; 0                                               ;
; Total PLLs                         ; 0                                               ;
+------------------------------------+-------------------------------------------------+


+----------------------------------------------------------------------------------------------------------------------+
; Analysis & Synthesis Settings                                                                                        ;
+----------------------------------------------------------------------------+--------------------+--------------------+
; Option                                                                     ; Setting            ; Default Value      ;
+----------------------------------------------------------------------------+--------------------+--------------------+
; Device                                                                     ; EP2C20F484C7       ;                    ;
; Top-level entity name                                                      ; Pract3             ; Pract3             ;
; Family name                                                                ; Cyclone II         ; Cyclone IV GX      ;
; Use smart compilation                                                      ; Off                ; Off                ;
; Enable parallel Assembler and TimeQuest Timing Analyzer during compilation ; On                 ; On                 ;
; Enable compact report table                                                ; Off                ; Off                ;
; Restructure Multiplexers                                                   ; Auto               ; Auto               ;
; Create Debugging Nodes for IP Cores                                        ; Off                ; Off                ;
; Preserve fewer node names                                                  ; On                 ; On                 ;
; Disable OpenCore Plus hardware evaluation                                  ; Off                ; Off                ;
; Verilog Version                                                            ; Verilog_2001       ; Verilog_2001       ;
; VHDL Version                                                               ; VHDL_1993          ; VHDL_1993          ;
; State Machine Processing                                                   ; Auto               ; Auto               ;
; Safe State Machine                                                         ; Off                ; Off                ;
; Extract Verilog State Machines                                             ; On                 ; On                 ;
; Extract VHDL State Machines                                                ; On                 ; On                 ;
; Ignore Verilog initial constructs                                          ; Off                ; Off                ;
; Iteration limit for constant Verilog loops                                 ; 5000               ; 5000               ;
; Iteration limit for non-constant Verilog loops                             ; 250                ; 250                ;
; Add Pass-Through Logic to Inferred RAMs                                    ; On                 ; On                 ;
; Infer RAMs from Raw Logic                                                  ; On                 ; On                 ;
; Parallel Synthesis                                                         ; On                 ; On                 ;
; DSP Block Balancing                                                        ; Auto               ; Auto               ;
; NOT Gate Push-Back                                                         ; On                 ; On                 ;
; Power-Up Don't Care                                                        ; On                 ; On                 ;
; Remove Redundant Logic Cells                                               ; Off                ; Off                ;
; Remove Duplicate Registers                                                 ; On                 ; On                 ;
; Ignore CARRY Buffers                                                       ; Off                ; Off                ;
; Ignore CASCADE Buffers                                                     ; Off                ; Off                ;
; Ignore GLOBAL Buffers                                                      ; Off                ; Off                ;
; Ignore ROW GLOBAL Buffers                                                  ; Off                ; Off                ;
; Ignore LCELL Buffers                                                       ; Off                ; Off                ;
; Ignore SOFT Buffers                                                        ; On                 ; On                 ;
; Limit AHDL Integers to 32 Bits                                             ; Off                ; Off                ;
; Optimization Technique                                                     ; Balanced           ; Balanced           ;
; Carry Chain Length                                                         ; 70                 ; 70                 ;
; Auto Carry Chains                                                          ; On                 ; On                 ;
; Auto Open-Drain Pins                                                       ; On                 ; On                 ;
; Perform WYSIWYG Primitive Resynthesis                                      ; Off                ; Off                ;
; Auto ROM Replacement                                                       ; On                 ; On                 ;
; Auto RAM Replacement                                                       ; On                 ; On                 ;
; Auto Shift Register Replacement                                            ; Auto               ; Auto               ;
; Allow Shift Register Merging across Hierarchies                            ; Auto               ; Auto               ;
; Auto Clock Enable Replacement                                              ; On                 ; On                 ;
; Strict RAM Replacement                                                     ; Off                ; Off                ;
; Allow Synchronous Control Signals                                          ; On                 ; On                 ;
; Force Use of Synchronous Clear Signals                                     ; Off                ; Off                ;
; Auto RAM to Logic Cell Conversion                                          ; Off                ; Off                ;
; Auto Resource Sharing                                                      ; Off                ; Off                ;
; Allow Any RAM Size For Recognition                                         ; Off                ; Off                ;
; Allow Any ROM Size For Recognition                                         ; Off                ; Off                ;
; Allow Any Shift Register Size For Recognition                              ; Off                ; Off                ;
; Use LogicLock Constraints during Resource Balancing                        ; On                 ; On                 ;
; Ignore translate_off and synthesis_off directives                          ; Off                ; Off                ;
; Timing-Driven Synthesis                                                    ; Off                ; Off                ;
; Report Parameter Settings                                                  ; On                 ; On                 ;
; Report Source Assignments                                                  ; On                 ; On                 ;
; Report Connectivity Checks                                                 ; On                 ; On                 ;
; Ignore Maximum Fan-Out Assignments                                         ; Off                ; Off                ;
; Synchronization Register Chain Length                                      ; 2                  ; 2                  ;
; PowerPlay Power Optimization                                               ; Normal compilation ; Normal compilation ;
; HDL message level                                                          ; Level2             ; Level2             ;
; Suppress Register Optimization Related Messages                            ; Off                ; Off                ;
; Number of Removed Registers Reported in Synthesis Report                   ; 5000               ; 5000               ;
; Number of Swept Nodes Reported in Synthesis Report                         ; 5000               ; 5000               ;
; Number of Inverted Registers Reported in Synthesis Report                  ; 100                ; 100                ;
; Clock MUX Protection                                                       ; On                 ; On                 ;
; Auto Gated Clock Conversion                                                ; Off                ; Off                ;
; Block Design Naming                                                        ; Auto               ; Auto               ;
; SDC constraint protection                                                  ; Off                ; Off                ;
; Synthesis Effort                                                           ; Auto               ; Auto               ;
; Shift Register Replacement - Allow Asynchronous Clear Signal               ; On                 ; On                 ;
; Pre-Mapping Resynthesis Optimization                                       ; Off                ; Off                ;
; Analysis & Synthesis Message Level                                         ; Medium             ; Medium             ;
; Disable Register Merging Across Hierarchies                                ; Auto               ; Auto               ;
; Resource Aware Inference For Block RAM                                     ; On                 ; On                 ;
; Synthesis Seed                                                             ; 1                  ; 1                  ;
+----------------------------------------------------------------------------+--------------------+--------------------+


Parallel compilation was disabled, but you have multiple processors available. Enable parallel compilation to reduce compilation time.
+-------------------------------------+
; Parallel Compilation                ;
+----------------------------+--------+
; Processors                 ; Number ;
+----------------------------+--------+
; Number detected on machine ; 8      ;
; Maximum allowed            ; 1      ;
+----------------------------+--------+


+-----------------------------------------------------------------------------------------------------------------------------------------------------------------------------------------------------------------------------------------------------+
; Analysis & Synthesis Source Files Read                                                                                                                                                                                                              ;
+---------------------------------------------+-----------------+-------------------------------------------------------+-------------------------------------------------------------------------------------------------------------------+---------+
; File Name with User-Entered Path            ; Used in Netlist ; File Type                                             ; File Name with Absolute Path                                                                                      ; Library ;
+---------------------------------------------+-----------------+-------------------------------------------------------+-------------------------------------------------------------------------------------------------------------------+---------+
; Registro.vhd                                ; yes             ; User VHDL File                                        ; C:/Users/roca/Documents/ICAI/Segundo/Sistemas Digitales II/Practica 3/Registro.vhd                                ;         ;
; Multiplexor.vhd                             ; yes             ; User VHDL File                                        ; C:/Users/roca/Documents/ICAI/Segundo/Sistemas Digitales II/Practica 3/Multiplexor.vhd                             ;         ;
; Demultiplexor.vhd                           ; yes             ; User VHDL File                                        ; C:/Users/roca/Documents/ICAI/Segundo/Sistemas Digitales II/Practica 3/Demultiplexor.vhd                           ;         ;
; Contador8.vhd                               ; yes             ; User VHDL File                                        ; C:/Users/roca/Documents/ICAI/Segundo/Sistemas Digitales II/Practica 3/Contador8.vhd                               ;         ;
; Contador1ms.vhd                             ; yes             ; User VHDL File                                        ; C:/Users/roca/Documents/ICAI/Segundo/Sistemas Digitales II/Practica 3/Contador1ms.vhd                             ;         ;
; AsciiAl6Seg.vhd                             ; yes             ; User VHDL File                                        ; C:/Users/roca/Documents/ICAI/Segundo/Sistemas Digitales II/Practica 3/AsciiAl6Seg.vhd                             ;         ;
; Pract3.vhd                                  ; yes             ; User VHDL File                                        ; C:/Users/roca/Documents/ICAI/Segundo/Sistemas Digitales II/Practica 3/Pract3.vhd                                  ;         ;
; altsyncram.tdf                              ; yes             ; Megafunction                                          ; c:/altera/13.0sp1/quartus/libraries/megafunctions/altsyncram.tdf                                                  ;         ;
; stratix_ram_block.inc                       ; yes             ; Megafunction                                          ; c:/altera/13.0sp1/quartus/libraries/megafunctions/stratix_ram_block.inc                                           ;         ;
; lpm_mux.inc                                 ; yes             ; Megafunction                                          ; c:/altera/13.0sp1/quartus/libraries/megafunctions/lpm_mux.inc                                                     ;         ;
; lpm_decode.inc                              ; yes             ; Megafunction                                          ; c:/altera/13.0sp1/quartus/libraries/megafunctions/lpm_decode.inc                                                  ;         ;
; aglobal130.inc                              ; yes             ; Megafunction                                          ; c:/altera/13.0sp1/quartus/libraries/megafunctions/aglobal130.inc                                                  ;         ;
; a_rdenreg.inc                               ; yes             ; Megafunction                                          ; c:/altera/13.0sp1/quartus/libraries/megafunctions/a_rdenreg.inc                                                   ;         ;
; altrom.inc                                  ; yes             ; Megafunction                                          ; c:/altera/13.0sp1/quartus/libraries/megafunctions/altrom.inc                                                      ;         ;
; altram.inc                                  ; yes             ; Megafunction                                          ; c:/altera/13.0sp1/quartus/libraries/megafunctions/altram.inc                                                      ;         ;
; altdpram.inc                                ; yes             ; Megafunction                                          ; c:/altera/13.0sp1/quartus/libraries/megafunctions/altdpram.inc                                                    ;         ;
; db/altsyncram_au61.tdf                      ; yes             ; Auto-Generated Megafunction                           ; C:/Users/roca/Documents/ICAI/Segundo/Sistemas Digitales II/Practica 3/db/altsyncram_au61.tdf                      ;         ;
; db/Pract3.ram0_AsciiA16Seg_c28836d7.hdl.mif ; yes             ; Auto-Generated Auto-Found Memory Initialization File  ; C:/Users/roca/Documents/ICAI/Segundo/Sistemas Digitales II/Practica 3/db/Pract3.ram0_AsciiA16Seg_c28836d7.hdl.mif ;         ;
+---------------------------------------------+-----------------+-------------------------------------------------------+-------------------------------------------------------------------------------------------------------------------+---------+


+-----------------------------------------------------+
; Analysis & Synthesis Resource Usage Summary         ;
+---------------------------------------------+-------+
; Resource                                    ; Usage ;
+---------------------------------------------+-------+
; Estimated Total logic elements              ; 45    ;
;                                             ;       ;
; Total combinational functions               ; 44    ;
; Logic element usage by number of LUT inputs ;       ;
;     -- 4 input functions                    ; 10    ;
;     -- 3 input functions                    ; 10    ;
;     -- <=2 input functions                  ; 24    ;
;                                             ;       ;
; Logic elements by mode                      ;       ;
;     -- normal mode                          ; 29    ;
;     -- arithmetic mode                      ; 15    ;
;                                             ;       ;
; Total registers                             ; 20    ;
;     -- Dedicated logic registers            ; 20    ;
;     -- I/O registers                        ; 0     ;
;                                             ;       ;
; I/O pins                                    ; 27    ;
; Total memory bits                           ; 2176  ;
; Embedded Multiplier 9-bit elements          ; 0     ;
; Maximum fan-out node                        ; clk   ;
; Maximum fan-out                             ; 37    ;
; Total fan-out                               ; 335   ;
; Average fan-out                             ; 3.10  ;
+---------------------------------------------+-------+


+----------------------------------------------------------------------------------------------------------------------------------------------------------------------------------------------------------------------------------------------------------+
; Analysis & Synthesis Resource Utilization by Entity                                                                                                                                                                                                      ;
+-------------------------------------------+-------------------+--------------+-------------+--------------+---------+-----------+------+--------------+-----------------------------------------------------------------------------------+--------------+
; Compilation Hierarchy Node                ; LC Combinationals ; LC Registers ; Memory Bits ; DSP Elements ; DSP 9x9 ; DSP 18x18 ; Pins ; Virtual Pins ; Full Hierarchy Name                                                               ; Library Name ;
+-------------------------------------------+-------------------+--------------+-------------+--------------+---------+-----------+------+--------------+-----------------------------------------------------------------------------------+--------------+
; |Pract3                                   ; 44 (1)            ; 20 (0)       ; 2176        ; 0            ; 0       ; 0         ; 27   ; 0            ; |Pract3                                                                           ; work         ;
;    |AsciiA16Seg:Ascii|                    ; 0 (0)             ; 0 (0)        ; 2176        ; 0            ; 0       ; 0         ; 0    ; 0            ; |Pract3|AsciiA16Seg:Ascii                                                         ; work         ;
;       |altsyncram:memoria_rtl_0|          ; 0 (0)             ; 0 (0)        ; 2176        ; 0            ; 0       ; 0         ; 0    ; 0            ; |Pract3|AsciiA16Seg:Ascii|altsyncram:memoria_rtl_0                                ; work         ;
;          |altsyncram_au61:auto_generated| ; 0 (0)             ; 0 (0)        ; 2176        ; 0            ; 0       ; 0         ; 0    ; 0            ; |Pract3|AsciiA16Seg:Ascii|altsyncram:memoria_rtl_0|altsyncram_au61:auto_generated ; work         ;
;    |Contador1ms:Cont1|                    ; 27 (27)           ; 16 (16)      ; 0           ; 0            ; 0       ; 0         ; 0    ; 0            ; |Pract3|Contador1ms:Cont1                                                         ; work         ;
;    |Contador8:Cont8|                      ; 3 (3)             ; 3 (3)        ; 0           ; 0            ; 0       ; 0         ; 0    ; 0            ; |Pract3|Contador8:Cont8                                                           ; work         ;
;    |Demultiplexor:DeMux|                  ; 8 (8)             ; 0 (0)        ; 0           ; 0            ; 0       ; 0         ; 0    ; 0            ; |Pract3|Demultiplexor:DeMux                                                       ; work         ;
;    |Multiplexor:Multi|                    ; 5 (5)             ; 0 (0)        ; 0           ; 0            ; 0       ; 0         ; 0    ; 0            ; |Pract3|Multiplexor:Multi                                                         ; work         ;
;    |Registro:R7|                          ; 0 (0)             ; 1 (1)        ; 0           ; 0            ; 0       ; 0         ; 0    ; 0            ; |Pract3|Registro:R7                                                               ; work         ;
+-------------------------------------------+-------------------+--------------+-------------+--------------+---------+-----------+------+--------------+-----------------------------------------------------------------------------------+--------------+
Note: For table entries with two numbers listed, the numbers in parentheses indicate the number of resources of the given type used by the specific entity alone. The numbers listed outside of parentheses indicate the total resources of the given type used by the specific entity and all of its sub-entities in the hierarchy.


+---------------------------------------------------------------------------------------------------------------------------------------------------------------------------------------------------------------------+
; Analysis & Synthesis RAM Summary                                                                                                                                                                                    ;
+--------------------------------------------------------------------------------------+------+------+--------------+--------------+--------------+--------------+------+---------------------------------------------+
; Name                                                                                 ; Type ; Mode ; Port A Depth ; Port A Width ; Port B Depth ; Port B Width ; Size ; MIF                                         ;
+--------------------------------------------------------------------------------------+------+------+--------------+--------------+--------------+--------------+------+---------------------------------------------+
; AsciiA16Seg:Ascii|altsyncram:memoria_rtl_0|altsyncram_au61:auto_generated|ALTSYNCRAM ; AUTO ; ROM  ; 256          ; 17           ; --           ; --           ; 4352 ; db/Pract3.ram0_AsciiA16Seg_c28836d7.hdl.mif ;
+--------------------------------------------------------------------------------------+------+------+--------------+--------------+--------------+--------------+------+---------------------------------------------+


+---------------------------------------------------------------------------------+
; Registers Removed During Synthesis                                              ;
+----------------------------------------+----------------------------------------+
; Register name                          ; Reason for Removal                     ;
+----------------------------------------+----------------------------------------+
; Registro:R7|sal[1,3,4,7]               ; Stuck at GND due to stuck port data_in ;
; Registro:R6|sal[0,1,3,7]               ; Stuck at GND due to stuck port data_in ;
; Registro:R5|sal[1..4,7]                ; Stuck at GND due to stuck port data_in ;
; Registro:R4|sal[2..4,7]                ; Stuck at GND due to stuck port data_in ;
; Registro:R3|sal[1..4,7]                ; Stuck at GND due to stuck port data_in ;
; Registro:R2|sal[1,3,7]                 ; Stuck at GND due to stuck port data_in ;
; Registro:R1|sal[3,4,7]                 ; Stuck at GND due to stuck port data_in ;
; Registro:R0|sal[1..5,7]                ; Stuck at GND due to stuck port data_in ;
; Registro:R0|sal[0]                     ; Merged with Registro:R0|sal[6]         ;
; Registro:R0|sal[6]                     ; Merged with Registro:R1|sal[0]         ;
; Registro:R1|sal[0]                     ; Merged with Registro:R1|sal[1]         ;
; Registro:R1|sal[1]                     ; Merged with Registro:R1|sal[2]         ;
; Registro:R1|sal[2]                     ; Merged with Registro:R1|sal[5]         ;
; Registro:R1|sal[5]                     ; Merged with Registro:R1|sal[6]         ;
; Registro:R1|sal[6]                     ; Merged with Registro:R2|sal[0]         ;
; Registro:R2|sal[0]                     ; Merged with Registro:R2|sal[2]         ;
; Registro:R2|sal[2]                     ; Merged with Registro:R2|sal[4]         ;
; Registro:R2|sal[4]                     ; Merged with Registro:R2|sal[5]         ;
; Registro:R2|sal[5]                     ; Merged with Registro:R2|sal[6]         ;
; Registro:R2|sal[6]                     ; Merged with Registro:R3|sal[0]         ;
; Registro:R3|sal[0]                     ; Merged with Registro:R3|sal[5]         ;
; Registro:R3|sal[5]                     ; Merged with Registro:R3|sal[6]         ;
; Registro:R3|sal[6]                     ; Merged with Registro:R4|sal[0]         ;
; Registro:R4|sal[0]                     ; Merged with Registro:R4|sal[1]         ;
; Registro:R4|sal[1]                     ; Merged with Registro:R4|sal[5]         ;
; Registro:R4|sal[5]                     ; Merged with Registro:R4|sal[6]         ;
; Registro:R4|sal[6]                     ; Merged with Registro:R5|sal[0]         ;
; Registro:R5|sal[0]                     ; Merged with Registro:R5|sal[5]         ;
; Registro:R5|sal[5]                     ; Merged with Registro:R5|sal[6]         ;
; Registro:R5|sal[6]                     ; Merged with Registro:R6|sal[2]         ;
; Registro:R6|sal[2]                     ; Merged with Registro:R6|sal[4]         ;
; Registro:R6|sal[4]                     ; Merged with Registro:R6|sal[5]         ;
; Registro:R6|sal[5]                     ; Merged with Registro:R6|sal[6]         ;
; Registro:R6|sal[6]                     ; Merged with Registro:R7|sal[0]         ;
; Registro:R7|sal[0]                     ; Merged with Registro:R7|sal[2]         ;
; Registro:R7|sal[2]                     ; Merged with Registro:R7|sal[5]         ;
; Registro:R7|sal[5]                     ; Merged with Registro:R7|sal[6]         ;
; Total Number of Removed Registers = 63 ;                                        ;
+----------------------------------------+----------------------------------------+


+------------------------------------------------------+
; General Register Statistics                          ;
+----------------------------------------------+-------+
; Statistic                                    ; Value ;
+----------------------------------------------+-------+
; Total registers                              ; 20    ;
; Number of registers using Synchronous Clear  ; 0     ;
; Number of registers using Synchronous Load   ; 0     ;
; Number of registers using Asynchronous Clear ; 20    ;
; Number of registers using Asynchronous Load  ; 0     ;
; Number of registers using Clock Enable       ; 0     ;
; Number of registers using Preset             ; 0     ;
+----------------------------------------------+-------+


+-----------------------------------------------------------------------+
; Registers Packed Into Inferred Megafunctions                          ;
+------------------------------+---------------------------------+------+
; Register Name                ; Megafunction                    ; Type ;
+------------------------------+---------------------------------+------+
; AsciiA16Seg:Ascii|s_i[0..16] ; AsciiA16Seg:Ascii|memoria_rtl_0 ; RAM  ;
+------------------------------+---------------------------------+------+


+--------------------------------------------------------------------------------------------------+
; Source assignments for AsciiA16Seg:Ascii|altsyncram:memoria_rtl_0|altsyncram_au61:auto_generated ;
+---------------------------------+--------------------+------+------------------------------------+
; Assignment                      ; Value              ; From ; To                                 ;
+---------------------------------+--------------------+------+------------------------------------+
; OPTIMIZE_POWER_DURING_SYNTHESIS ; NORMAL_COMPILATION ; -    ; -                                  ;
+---------------------------------+--------------------+------+------------------------------------+


+---------------------------------------------------------------------------------------------------+
; Parameter Settings for Inferred Entity Instance: AsciiA16Seg:Ascii|altsyncram:memoria_rtl_0       ;
+------------------------------------+---------------------------------------------+----------------+
; Parameter Name                     ; Value                                       ; Type           ;
+------------------------------------+---------------------------------------------+----------------+
; BYTE_SIZE_BLOCK                    ; 8                                           ; Untyped        ;
; AUTO_CARRY_CHAINS                  ; ON                                          ; AUTO_CARRY     ;
; IGNORE_CARRY_BUFFERS               ; OFF                                         ; IGNORE_CARRY   ;
; AUTO_CASCADE_CHAINS                ; ON                                          ; AUTO_CASCADE   ;
; IGNORE_CASCADE_BUFFERS             ; OFF                                         ; IGNORE_CASCADE ;
; WIDTH_BYTEENA                      ; 1                                           ; Untyped        ;
; OPERATION_MODE                     ; ROM                                         ; Untyped        ;
; WIDTH_A                            ; 17                                          ; Untyped        ;
; WIDTHAD_A                          ; 8                                           ; Untyped        ;
; NUMWORDS_A                         ; 256                                         ; Untyped        ;
; OUTDATA_REG_A                      ; UNREGISTERED                                ; Untyped        ;
; ADDRESS_ACLR_A                     ; NONE                                        ; Untyped        ;
; OUTDATA_ACLR_A                     ; NONE                                        ; Untyped        ;
; WRCONTROL_ACLR_A                   ; NONE                                        ; Untyped        ;
; INDATA_ACLR_A                      ; NONE                                        ; Untyped        ;
; BYTEENA_ACLR_A                     ; NONE                                        ; Untyped        ;
; WIDTH_B                            ; 1                                           ; Untyped        ;
; WIDTHAD_B                          ; 1                                           ; Untyped        ;
; NUMWORDS_B                         ; 1                                           ; Untyped        ;
; INDATA_REG_B                       ; CLOCK1                                      ; Untyped        ;
; WRCONTROL_WRADDRESS_REG_B          ; CLOCK1                                      ; Untyped        ;
; RDCONTROL_REG_B                    ; CLOCK1                                      ; Untyped        ;
; ADDRESS_REG_B                      ; CLOCK1                                      ; Untyped        ;
; OUTDATA_REG_B                      ; UNREGISTERED                                ; Untyped        ;
; BYTEENA_REG_B                      ; CLOCK1                                      ; Untyped        ;
; INDATA_ACLR_B                      ; NONE                                        ; Untyped        ;
; WRCONTROL_ACLR_B                   ; NONE                                        ; Untyped        ;
; ADDRESS_ACLR_B                     ; NONE                                        ; Untyped        ;
; OUTDATA_ACLR_B                     ; NONE                                        ; Untyped        ;
; RDCONTROL_ACLR_B                   ; NONE                                        ; Untyped        ;
; BYTEENA_ACLR_B                     ; NONE                                        ; Untyped        ;
; WIDTH_BYTEENA_A                    ; 1                                           ; Untyped        ;
; WIDTH_BYTEENA_B                    ; 1                                           ; Untyped        ;
; RAM_BLOCK_TYPE                     ; AUTO                                        ; Untyped        ;
; BYTE_SIZE                          ; 8                                           ; Untyped        ;
; READ_DURING_WRITE_MODE_MIXED_PORTS ; DONT_CARE                                   ; Untyped        ;
; READ_DURING_WRITE_MODE_PORT_A      ; NEW_DATA_NO_NBE_READ                        ; Untyped        ;
; READ_DURING_WRITE_MODE_PORT_B      ; NEW_DATA_NO_NBE_READ                        ; Untyped        ;
; INIT_FILE                          ; db/Pract3.ram0_AsciiA16Seg_c28836d7.hdl.mif ; Untyped        ;
; INIT_FILE_LAYOUT                   ; PORT_A                                      ; Untyped        ;
; MAXIMUM_DEPTH                      ; 0                                           ; Untyped        ;
; CLOCK_ENABLE_INPUT_A               ; NORMAL                                      ; Untyped        ;
; CLOCK_ENABLE_INPUT_B               ; NORMAL                                      ; Untyped        ;
; CLOCK_ENABLE_OUTPUT_A              ; NORMAL                                      ; Untyped        ;
; CLOCK_ENABLE_OUTPUT_B              ; NORMAL                                      ; Untyped        ;
; CLOCK_ENABLE_CORE_A                ; USE_INPUT_CLKEN                             ; Untyped        ;
; CLOCK_ENABLE_CORE_B                ; USE_INPUT_CLKEN                             ; Untyped        ;
; ENABLE_ECC                         ; FALSE                                       ; Untyped        ;
; ECC_PIPELINE_STAGE_ENABLED         ; FALSE                                       ; Untyped        ;
; WIDTH_ECCSTATUS                    ; 3                                           ; Untyped        ;
; DEVICE_FAMILY                      ; Cyclone II                                  ; Untyped        ;
; CBXI_PARAMETER                     ; altsyncram_au61                             ; Untyped        ;
+------------------------------------+---------------------------------------------+----------------+
Note: In order to hide this table in the UI and the text report file, please set the "Show Parameter Settings in Synthesis Report" option in "Analysis and Synthesis Settings -> More Settings" to "Off".


+----------------------------------------------------------------------------------------+
; altsyncram Parameter Settings by Entity Instance                                       ;
+-------------------------------------------+--------------------------------------------+
; Name                                      ; Value                                      ;
+-------------------------------------------+--------------------------------------------+
; Number of entity instances                ; 1                                          ;
; Entity Instance                           ; AsciiA16Seg:Ascii|altsyncram:memoria_rtl_0 ;
;     -- OPERATION_MODE                     ; ROM                                        ;
;     -- WIDTH_A                            ; 17                                         ;
;     -- NUMWORDS_A                         ; 256                                        ;
;     -- OUTDATA_REG_A                      ; UNREGISTERED                               ;
;     -- WIDTH_B                            ; 1                                          ;
;     -- NUMWORDS_B                         ; 1                                          ;
;     -- ADDRESS_REG_B                      ; CLOCK1                                     ;
;     -- OUTDATA_REG_B                      ; UNREGISTERED                               ;
;     -- RAM_BLOCK_TYPE                     ; AUTO                                       ;
;     -- READ_DURING_WRITE_MODE_MIXED_PORTS ; DONT_CARE                                  ;
+-------------------------------------------+--------------------------------------------+


+--------------------------------------------+
; Port Connectivity Checks: "Registro:R7"    ;
+----------+-------+----------+--------------+
; Port     ; Type  ; Severity ; Details      ;
+----------+-------+----------+--------------+
; en[6..5] ; Input ; Info     ; Stuck at VCC ;
; en[4..3] ; Input ; Info     ; Stuck at GND ;
; en[7]    ; Input ; Info     ; Stuck at GND ;
; en[2]    ; Input ; Info     ; Stuck at VCC ;
; en[1]    ; Input ; Info     ; Stuck at GND ;
; en[0]    ; Input ; Info     ; Stuck at VCC ;
+----------+-------+----------+--------------+


+--------------------------------------------+
; Port Connectivity Checks: "Registro:R6"    ;
+----------+-------+----------+--------------+
; Port     ; Type  ; Severity ; Details      ;
+----------+-------+----------+--------------+
; en[6..4] ; Input ; Info     ; Stuck at VCC ;
; en[1..0] ; Input ; Info     ; Stuck at GND ;
; en[7]    ; Input ; Info     ; Stuck at GND ;
; en[3]    ; Input ; Info     ; Stuck at GND ;
; en[2]    ; Input ; Info     ; Stuck at VCC ;
+----------+-------+----------+--------------+


+--------------------------------------------+
; Port Connectivity Checks: "Registro:R5"    ;
+----------+-------+----------+--------------+
; Port     ; Type  ; Severity ; Details      ;
+----------+-------+----------+--------------+
; en[6..5] ; Input ; Info     ; Stuck at VCC ;
; en[4..1] ; Input ; Info     ; Stuck at GND ;
; en[7]    ; Input ; Info     ; Stuck at GND ;
; en[0]    ; Input ; Info     ; Stuck at VCC ;
+----------+-------+----------+--------------+


+--------------------------------------------+
; Port Connectivity Checks: "Registro:R4"    ;
+----------+-------+----------+--------------+
; Port     ; Type  ; Severity ; Details      ;
+----------+-------+----------+--------------+
; en[6..5] ; Input ; Info     ; Stuck at VCC ;
; en[1..0] ; Input ; Info     ; Stuck at VCC ;
; en[4..2] ; Input ; Info     ; Stuck at GND ;
; en[7]    ; Input ; Info     ; Stuck at GND ;
+----------+-------+----------+--------------+


+--------------------------------------------+
; Port Connectivity Checks: "Registro:R3"    ;
+----------+-------+----------+--------------+
; Port     ; Type  ; Severity ; Details      ;
+----------+-------+----------+--------------+
; en[6..5] ; Input ; Info     ; Stuck at VCC ;
; en[4..1] ; Input ; Info     ; Stuck at GND ;
; en[7]    ; Input ; Info     ; Stuck at GND ;
; en[0]    ; Input ; Info     ; Stuck at VCC ;
+----------+-------+----------+--------------+


+--------------------------------------------+
; Port Connectivity Checks: "Registro:R2"    ;
+----------+-------+----------+--------------+
; Port     ; Type  ; Severity ; Details      ;
+----------+-------+----------+--------------+
; en[6..4] ; Input ; Info     ; Stuck at VCC ;
; en[7]    ; Input ; Info     ; Stuck at GND ;
; en[3]    ; Input ; Info     ; Stuck at GND ;
; en[2]    ; Input ; Info     ; Stuck at VCC ;
; en[1]    ; Input ; Info     ; Stuck at GND ;
; en[0]    ; Input ; Info     ; Stuck at VCC ;
+----------+-------+----------+--------------+


+--------------------------------------------+
; Port Connectivity Checks: "Registro:R1"    ;
+----------+-------+----------+--------------+
; Port     ; Type  ; Severity ; Details      ;
+----------+-------+----------+--------------+
; en[6..5] ; Input ; Info     ; Stuck at VCC ;
; en[2..0] ; Input ; Info     ; Stuck at VCC ;
; en[4..3] ; Input ; Info     ; Stuck at GND ;
; en[7]    ; Input ; Info     ; Stuck at GND ;
+----------+-------+----------+--------------+


+--------------------------------------------+
; Port Connectivity Checks: "Registro:R0"    ;
+----------+-------+----------+--------------+
; Port     ; Type  ; Severity ; Details      ;
+----------+-------+----------+--------------+
; en[5..1] ; Input ; Info     ; Stuck at GND ;
; en[7]    ; Input ; Info     ; Stuck at GND ;
; en[6]    ; Input ; Info     ; Stuck at VCC ;
; en[0]    ; Input ; Info     ; Stuck at VCC ;
+----------+-------+----------+--------------+


+-------------------------------+
; Elapsed Time Per Partition    ;
+----------------+--------------+
; Partition Name ; Elapsed Time ;
+----------------+--------------+
; Top            ; 00:00:03     ;
+----------------+--------------+


+-------------------------------+
; Analysis & Synthesis Messages ;
+-------------------------------+
Info: *******************************************************************
Info: Running Quartus II 64-Bit Analysis & Synthesis
    Info: Version 13.0.1 Build 232 06/12/2013 Service Pack 1 SJ Web Edition
    Info: Processing started: Tue Mar 16 11:49:33 2021
Info: Command: quartus_map --read_settings_files=on --write_settings_files=off Pract3 -c Pract3
Warning (20028): Parallel compilation is not licensed and has been disabled
Info (12021): Found 2 design units, including 1 entities, in source file registro.vhd
    Info (12022): Found design unit 1: registro-behavioral
    Info (12023): Found entity 1: Registro
Info (12021): Found 2 design units, including 1 entities, in source file multiplexor.vhd
    Info (12022): Found design unit 1: Multiplexor-behavioral
    Info (12023): Found entity 1: Multiplexor
Info (12021): Found 2 design units, including 1 entities, in source file demultiplexor.vhd
    Info (12022): Found design unit 1: Demultiplexor-behavorial
    Info (12023): Found entity 1: Demultiplexor
Info (12021): Found 2 design units, including 1 entities, in source file contador8.vhd
    Info (12022): Found design unit 1: Contador8-behavioral
    Info (12023): Found entity 1: Contador8
Info (12021): Found 2 design units, including 1 entities, in source file contador1ms.vhd
    Info (12022): Found design unit 1: Contador1ms-behavioral
    Info (12023): Found entity 1: Contador1ms
Info (12021): Found 2 design units, including 1 entities, in source file asciial6seg.vhd
    Info (12022): Found design unit 1: AsciiA16Seg-behavioural
    Info (12023): Found entity 1: AsciiA16Seg
Info (12021): Found 2 design units, including 1 entities, in source file pract3.vhd
    Info (12022): Found design unit 1: Pract3-structural
    Info (12023): Found entity 1: Pract3
Info (12127): Elaborating entity "Pract3" for the top level hierarchy
Info (12128): Elaborating entity "Registro" for hierarchy "Registro:R0"
Info (12128): Elaborating entity "AsciiA16Seg" for hierarchy "AsciiA16Seg:Ascii"
Info (12128): Elaborating entity "Demultiplexor" for hierarchy "Demultiplexor:DeMux"
Info (12128): Elaborating entity "Contador8" for hierarchy "Contador8:Cont8"
Info (12128): Elaborating entity "Multiplexor" for hierarchy "Multiplexor:Multi"
Info (12128): Elaborating entity "Contador1ms" for hierarchy "Contador1ms:Cont1"
Info (19000): Inferred 1 megafunctions from design logic
    Info (276029): Inferred altsyncram megafunction from the following design logic: "AsciiA16Seg:Ascii|memoria_rtl_0" 
        Info (286033): Parameter OPERATION_MODE set to ROM
        Info (286033): Parameter WIDTH_A set to 17
        Info (286033): Parameter WIDTHAD_A set to 8
        Info (286033): Parameter NUMWORDS_A set to 256
        Info (286033): Parameter OUTDATA_REG_A set to UNREGISTERED
        Info (286033): Parameter ADDRESS_ACLR_A set to NONE
        Info (286033): Parameter OUTDATA_ACLR_A set to NONE
        Info (286033): Parameter INDATA_ACLR_A set to NONE
        Info (286033): Parameter WRCONTROL_ACLR_A set to NONE
        Info (286033): Parameter INIT_FILE set to db/Pract3.ram0_AsciiA16Seg_c28836d7.hdl.mif
Info (12130): Elaborated megafunction instantiation "AsciiA16Seg:Ascii|altsyncram:memoria_rtl_0"
Info (12133): Instantiated megafunction "AsciiA16Seg:Ascii|altsyncram:memoria_rtl_0" with the following parameter:
    Info (12134): Parameter "OPERATION_MODE" = "ROM"
    Info (12134): Parameter "WIDTH_A" = "17"
    Info (12134): Parameter "WIDTHAD_A" = "8"
    Info (12134): Parameter "NUMWORDS_A" = "256"
    Info (12134): Parameter "OUTDATA_REG_A" = "UNREGISTERED"
    Info (12134): Parameter "ADDRESS_ACLR_A" = "NONE"
    Info (12134): Parameter "OUTDATA_ACLR_A" = "NONE"
    Info (12134): Parameter "INDATA_ACLR_A" = "NONE"
    Info (12134): Parameter "WRCONTROL_ACLR_A" = "NONE"
    Info (12134): Parameter "INIT_FILE" = "db/Pract3.ram0_AsciiA16Seg_c28836d7.hdl.mif"
Info (12021): Found 1 design units, including 1 entities, in source file db/altsyncram_au61.tdf
    Info (12023): Found entity 1: altsyncram_au61
Info (17036): Removed 1 MSB VCC or GND address nodes from RAM block "AsciiA16Seg:Ascii|altsyncram:memoria_rtl_0|altsyncram_au61:auto_generated|ALTSYNCRAM"
Info (16010): Generating hard_block partition "hard_block:auto_generated_inst"
    Info (16011): Adding 0 node(s), including 0 DDIO, 0 PLL, 0 transceiver and 0 LCELL
Info (21057): Implemented 89 device resources after synthesis - the final resource count might be different
    Info (21058): Implemented 2 input pins
    Info (21059): Implemented 25 output pins
    Info (21061): Implemented 45 logic cells
    Info (21064): Implemented 17 RAM segments
Info: Quartus II 64-Bit Analysis & Synthesis was successful. 0 errors, 1 warning
    Info: Peak virtual memory: 4639 megabytes
    Info: Processing ended: Tue Mar 16 11:49:41 2021
    Info: Elapsed time: 00:00:08
    Info: Total CPU time (on all processors): 00:00:02


